<?xml version="1.0" encoding="UTF-8"?>
<!-- Generated by org.testng.reporters.JUnitReportReporter -->
<testsuite skipped="0" hostname="LAPTOP-PP7LTPN0" name="com.automationpractice.TestScripts.VerifyAccountCreationTest" tests="1" failures="0" timestamp="28 Oct 2020 10:01:35 GMT" time="33.199" errors="0">
  <testcase name="verifyAccountCreation" time="33.199" classname="com.automationpractice.TestScripts.VerifyAccountCreationTest"/>
</testsuite> <!-- com.automationpractice.TestScripts.VerifyAccountCreationTest -->
